[0m18:42:09.687755 [debug] [MainThread]: Sending event: {'category': 'dbt', 'action': 'invocation', 'label': 'start', 'context': [<snowplow_tracker.self_describing_json.SelfDescribingJson object at 0x7f3ce5c9a3e0>, <snowplow_tracker.self_describing_json.SelfDescribingJson object at 0x7f3ce5fc52a0>, <snowplow_tracker.self_describing_json.SelfDescribingJson object at 0x7f3ce5fc5240>]}


============================== 18:42:09.695332 | b9ab2a54-1418-4cce-aad7-beb015891614 ==============================
[0m18:42:09.695332 [info ] [MainThread]: Running with dbt=1.8.6
[0m18:42:09.696499 [debug] [MainThread]: running dbt with arguments {'printer_width': '80', 'indirect_selection': 'eager', 'write_json': 'True', 'log_cache_events': 'False', 'partial_parse': 'True', 'cache_selected_only': 'False', 'profiles_dir': '/home/shahin/.dbt', 'debug': 'False', 'version_check': 'True', 'log_path': 'logs', 'warn_error': 'None', 'fail_fast': 'False', 'use_colors': 'True', 'use_experimental_parser': 'False', 'empty': 'None', 'quiet': 'False', 'no_print': 'None', 'warn_error_options': 'WarnErrorOptions(include=[], exclude=[])', 'invocation_command': 'dbt init', 'log_format': 'default', 'introspect': 'True', 'target_path': 'None', 'static_parser': 'True', 'send_anonymous_usage_stats': 'True'}
[0m18:42:14.411227 [debug] [MainThread]: Starter project path: /mnt/c/Shahin/Data Engineering/Projects/dbt-env/lib/python3.10/site-packages/dbt/include/starter_project
[0m18:42:14.708991 [info ] [MainThread]: 
Your new dbt project "custom_postgres" was created!

For more information on how to configure the profiles.yml file,
please consult the dbt documentation here:

  https://docs.getdbt.com/docs/configure-your-profile

One more thing:

Need help? Don't hesitate to reach out to us via GitHub issues or on Slack:

  https://community.getdbt.com/

Happy modeling!

[0m18:42:14.710307 [info ] [MainThread]: Setting up your profile.
[0m18:44:40.269785 [info ] [MainThread]: Profile custom_postgres written to /home/shahin/.dbt/profiles.yml using target's profile_template.yml and your supplied values. Run 'dbt debug' to validate the connection.
[0m18:44:40.274102 [debug] [MainThread]: Resource report: {"command_name": "init", "command_success": true, "command_wall_clock_time": 150.64331, "process_user_time": 1.033937, "process_kernel_time": 0.438935, "process_mem_max_rss": "89920", "process_in_blocks": "23920", "process_out_blocks": "8"}
[0m18:44:40.276209 [debug] [MainThread]: Command `dbt init` succeeded at 18:44:40.275988 after 150.65 seconds
[0m18:44:40.277877 [debug] [MainThread]: Sending event: {'category': 'dbt', 'action': 'invocation', 'label': 'end', 'context': [<snowplow_tracker.self_describing_json.SelfDescribingJson object at 0x7f3ce5c9a3e0>, <snowplow_tracker.self_describing_json.SelfDescribingJson object at 0x7f3ce416c7f0>, <snowplow_tracker.self_describing_json.SelfDescribingJson object at 0x7f3ce5fc5300>]}
[0m18:44:40.279424 [debug] [MainThread]: Flushing usage events
